# JRE version: Java(TM) SE Runtime Environment (21.0.2+13) (build 21.0.2+13-LTS-58)
# Java VM: Java HotSpot(TM) 64-Bit Server VM (21.0.2+13-LTS-58, mixed mode, sharing, tiered, compressed oops, compressed class ptrs, g1 gc, windows-amd64)
GC Precious Log:
 CardTable entry size: 512
 Card Set container configuration: InlinePtr #cards 5 size 8 Array Of Cards #cards 12 size 40 Howl #buckets 4 coarsen threshold 1843 Howl Bitmap #cards 512 size 80 coarsen threshold 460 Card regions per heap region 1 cards per card region 2048
 CPUs: 12 total, 12 available
 Memory: 7876M
 Large Page Support: Disabled
 NUMA Support: Disabled
 Compressed Oops: Enabled (32-bit)
 Heap Region Size: 1M
 Heap Min Capacity: 256M
 Heap Initial Capacity: 256M
 Heap Max Capacity: 512M
 Pre-touch: Disabled
 Parallel Workers: 10
 Concurrent Workers: 3
 Concurrent Refinement Workers: 10
 Periodic GC: Disabled
Heap:
 garbage-first heap   total 323584K, used 269941K [0x00000000e0000000, 0x0000000100000000)
  region size 1024K, 99 young (101376K), 10 survivors (10240K)
 Metaspace       used 121316K, committed 122944K, reserved 458752K
  class space    used 15731K, committed 16576K, reserved 327680K
GC Heap History (20 events):
Event: 1780.329 GC heap before
{Heap before GC invocations=128 (full 0):
 garbage-first heap   total 322560K, used 292252K [0x00000000e0000000, 0x0000000100000000)
  region size 1024K, 133 young (136192K), 11 survivors (11264K)
 Metaspace       used 110515K, committed 112704K, reserved 458752K
  class space    used 14322K, committed 15424K, reserved 327680K
}
Event: 1780.361 GC heap after
{Heap after GC invocations=129 (full 0):
 garbage-first heap   total 322560K, used 167263K [0x00000000e0000000, 0x0000000100000000)
  region size 1024K, 10 young (10240K), 10 survivors (10240K)
 Metaspace       used 110515K, committed 112704K, reserved 458752K
  class space    used 14322K, committed 15424K, reserved 327680K
}
Event: 1782.880 GC heap before
{Heap before GC invocations=129 (full 0):
 garbage-first heap   total 322560K, used 294239K [0x00000000e0000000, 0x0000000100000000)
  region size 1024K, 134 young (137216K), 10 survivors (10240K)
 Metaspace       used 110515K, committed 112704K, reserved 458752K
  class space    used 14322K, committed 15424K, reserved 327680K
}
Event: 1782.895 GC heap after
{Heap after GC invocations=130 (full 0):
 garbage-first heap   total 322560K, used 167949K [0x00000000e0000000, 0x0000000100000000)
  region size 1024K, 7 young (7168K), 7 survivors (7168K)
 Metaspace       used 110515K, committed 112704K, reserved 458752K
  class space    used 14322K, committed 15424K, reserved 327680K
}
Event: 1785.163 GC heap before
{Heap before GC invocations=131 (full 0):
 garbage-first heap   total 322560K, used 296973K [0x00000000e0000000, 0x0000000100000000)
  region size 1024K, 133 young (136192K), 7 survivors (7168K)
 Metaspace       used 110505K, committed 112704K, reserved 458752K
  class space    used 14319K, committed 15424K, reserved 327680K
}
Event: 1785.178 GC heap after
{Heap after GC invocations=132 (full 0):
 garbage-first heap   total 322560K, used 168920K [0x00000000e0000000, 0x0000000100000000)
  region size 1024K, 8 young (8192K), 8 survivors (8192K)
 Metaspace       used 110505K, committed 112704K, reserved 458752K
  class space    used 14319K, committed 15424K, reserved 327680K
}
Event: 1907.185 GC heap before
{Heap before GC invocations=132 (full 0):
 garbage-first heap   total 322560K, used 294872K [0x00000000e0000000, 0x0000000100000000)
  region size 1024K, 132 young (135168K), 8 survivors (8192K)
 Metaspace       used 112607K, committed 114176K, reserved 458752K
  class space    used 14625K, committed 15424K, reserved 327680K
}
Event: 1907.314 GC heap after
{Heap after GC invocations=133 (full 0):
 garbage-first heap   total 322560K, used 171992K [0x00000000e0000000, 0x0000000100000000)
  region size 1024K, 13 young (13312K), 13 survivors (13312K)
 Metaspace       used 112607K, committed 114176K, reserved 458752K
  class space    used 14625K, committed 15424K, reserved 327680K
}
Event: 1914.506 GC heap before
{Heap before GC invocations=133 (full 0):
 garbage-first heap   total 322560K, used 289752K [0x00000000e0000000, 0x0000000100000000)
  region size 1024K, 129 young (132096K), 13 survivors (13312K)
 Metaspace       used 114754K, committed 116352K, reserved 458752K
  class space    used 14915K, committed 15680K, reserved 327680K
}
Event: 1914.541 GC heap after
{Heap after GC invocations=134 (full 0):
 garbage-first heap   total 322560K, used 177907K [0x00000000e0000000, 0x0000000100000000)
  region size 1024K, 14 young (14336K), 14 survivors (14336K)
 Metaspace       used 114754K, committed 116352K, reserved 458752K
  class space    used 14915K, committed 15680K, reserved 327680K
}
Event: 2118.114 GC heap before
{Heap before GC invocations=135 (full 0):
 garbage-first heap   total 322560K, used 288499K [0x00000000e0000000, 0x0000000100000000)
  region size 1024K, 123 young (125952K), 14 survivors (14336K)
 Metaspace       used 116136K, committed 117696K, reserved 458752K
  class space    used 15118K, committed 15872K, reserved 327680K
}
Event: 2118.318 GC heap after
{Heap after GC invocations=136 (full 0):
 garbage-first heap   total 322560K, used 179592K [0x00000000e0000000, 0x0000000100000000)
  region size 1024K, 10 young (10240K), 10 survivors (10240K)
 Metaspace       used 116136K, committed 117696K, reserved 458752K
  class space    used 15118K, committed 15872K, reserved 327680K
}
Event: 2157.664 GC heap before
{Heap before GC invocations=136 (full 0):
 garbage-first heap   total 322560K, used 293256K [0x00000000e0000000, 0x0000000100000000)
  region size 1024K, 122 young (124928K), 10 survivors (10240K)
 Metaspace       used 119703K, committed 121280K, reserved 458752K
  class space    used 15568K, committed 16320K, reserved 327680K
}
Event: 2157.853 GC heap after
{Heap after GC invocations=137 (full 0):
 garbage-first heap   total 322560K, used 179331K [0x00000000e0000000, 0x0000000100000000)
  region size 1024K, 8 young (8192K), 8 survivors (8192K)
 Metaspace       used 119703K, committed 121280K, reserved 458752K
  class space    used 15568K, committed 16320K, reserved 327680K
}
Event: 2210.748 GC heap before
{Heap before GC invocations=137 (full 0):
 garbage-first heap   total 322560K, used 296067K [0x00000000e0000000, 0x0000000100000000)
  region size 1024K, 122 young (124928K), 8 survivors (8192K)
 Metaspace       used 121784K, committed 123456K, reserved 458752K
  class space    used 15812K, committed 16640K, reserved 327680K
}
Event: 2210.909 GC heap after
{Heap after GC invocations=138 (full 0):
 garbage-first heap   total 322560K, used 182769K [0x00000000e0000000, 0x0000000100000000)
  region size 1024K, 11 young (11264K), 11 survivors (11264K)
 Metaspace       used 121784K, committed 123456K, reserved 458752K
  class space    used 15812K, committed 16640K, reserved 327680K
}
Event: 2845.750 GC heap before
{Heap before GC invocations=139 (full 0):
 garbage-first heap   total 322560K, used 291313K [0x00000000e0000000, 0x0000000100000000)
  region size 1024K, 119 young (121856K), 11 survivors (11264K)
 Metaspace       used 118649K, committed 121408K, reserved 458752K
  class space    used 15356K, committed 16576K, reserved 327680K
}
Event: 2845.979 GC heap after
{Heap after GC invocations=140 (full 0):
 garbage-first heap   total 322560K, used 186712K [0x00000000e0000000, 0x0000000100000000)
  region size 1024K, 13 young (13312K), 13 survivors (13312K)
 Metaspace       used 118649K, committed 121408K, reserved 458752K
  class space    used 15356K, committed 16576K, reserved 327680K
}
Event: 2987.138 GC heap before
{Heap before GC invocations=140 (full 0):
 garbage-first heap   total 322560K, used 298328K [0x00000000e0000000, 0x0000000100000000)
  region size 1024K, 115 young (117760K), 13 survivors (13312K)
 Metaspace       used 120418K, committed 122176K, reserved 458752K
  class space    used 15583K, committed 16576K, reserved 327680K
}
Event: 2987.352 GC heap after
{Heap after GC invocations=141 (full 0):
 garbage-first heap   total 323584K, used 180853K [0x00000000e0000000, 0x0000000100000000)
  region size 1024K, 10 young (10240K), 10 survivors (10240K)
 Metaspace       used 120418K, committed 122176K, reserved 458752K
  class space    used 15583K, committed 16576K, reserved 327680K
}

