# JRE version: Java(TM) SE Runtime Environment (21.0.2+13) (build 21.0.2+13-LTS-58)
# Java VM: Java HotSpot(TM) 64-Bit Server VM (21.0.2+13-LTS-58, mixed mode, sharing, tiered, compressed oops, compressed class ptrs, g1 gc, windows-amd64)
GC Precious Log:
 CardTable entry size: 512
 Card Set container configuration: InlinePtr #cards 5 size 8 Array Of Cards #cards 12 size 40 Howl #buckets 4 coarsen threshold 1843 Howl Bitmap #cards 512 size 80 coarsen threshold 460 Card regions per heap region 1 cards per card region 2048
 CPUs: 12 total, 12 available
 Memory: 7876M
 Large Page Support: Disabled
 NUMA Support: Disabled
 Compressed Oops: Enabled (32-bit)
 Heap Region Size: 1M
 Heap Min Capacity: 256M
 Heap Initial Capacity: 256M
 Heap Max Capacity: 512M
 Pre-touch: Disabled
 Parallel Workers: 10
 Concurrent Workers: 3
 Concurrent Refinement Workers: 10
 Periodic GC: Disabled
Heap:
 garbage-first heap   total 262144K, used 111379K [0x00000000e0000000, 0x0000000100000000)
  region size 1024K, 52 young (53248K), 11 survivors (11264K)
 Metaspace       used 52129K, committed 53696K, reserved 393216K
  class space    used 7505K, committed 8256K, reserved 327680K
GC Heap History (16 events):
Event: 1.498 GC heap before
{Heap before GC invocations=0 (full 0):
 garbage-first heap   total 262144K, used 23552K [0x00000000e0000000, 0x0000000100000000)
  region size 1024K, 23 young (23552K), 0 survivors (0K)
 Metaspace       used 894K, committed 1024K, reserved 393216K
  class space    used 69K, committed 128K, reserved 327680K
}
Event: 1.510 GC heap after
{Heap after GC invocations=1 (full 0):
 garbage-first heap   total 262144K, used 1610K [0x00000000e0000000, 0x0000000100000000)
  region size 1024K, 2 young (2048K), 2 survivors (2048K)
 Metaspace       used 894K, committed 1024K, reserved 393216K
  class space    used 69K, committed 128K, reserved 327680K
}
Event: 4.110 GC heap before
{Heap before GC invocations=1 (full 0):
 garbage-first heap   total 262144K, used 39498K [0x00000000e0000000, 0x0000000100000000)
  region size 1024K, 37 young (37888K), 2 survivors (2048K)
 Metaspace       used 4395K, committed 4608K, reserved 393216K
  class space    used 548K, committed 640K, reserved 327680K
}
Event: 4.123 GC heap after
{Heap after GC invocations=2 (full 0):
 garbage-first heap   total 262144K, used 11312K [0x00000000e0000000, 0x0000000100000000)
  region size 1024K, 5 young (5120K), 5 survivors (5120K)
 Metaspace       used 4395K, committed 4608K, reserved 393216K
  class space    used 548K, committed 640K, reserved 327680K
}
Event: 6.406 GC heap before
{Heap before GC invocations=2 (full 0):
 garbage-first heap   total 262144K, used 69680K [0x00000000e0000000, 0x0000000100000000)
  region size 1024K, 60 young (61440K), 5 survivors (5120K)
 Metaspace       used 6453K, committed 6656K, reserved 393216K
  class space    used 855K, committed 960K, reserved 327680K
}
Event: 6.422 GC heap after
{Heap after GC invocations=3 (full 0):
 garbage-first heap   total 262144K, used 18402K [0x00000000e0000000, 0x0000000100000000)
  region size 1024K, 6 young (6144K), 6 survivors (6144K)
 Metaspace       used 6453K, committed 6656K, reserved 393216K
  class space    used 855K, committed 960K, reserved 327680K
}
Event: 20.438 GC heap before
{Heap before GC invocations=3 (full 0):
 garbage-first heap   total 262144K, used 101346K [0x00000000e0000000, 0x0000000100000000)
  region size 1024K, 88 young (90112K), 6 survivors (6144K)
 Metaspace       used 20857K, committed 21504K, reserved 393216K
  class space    used 3012K, committed 3328K, reserved 327680K
}
Event: 20.464 GC heap after
{Heap after GC invocations=4 (full 0):
 garbage-first heap   total 262144K, used 24396K [0x00000000e0000000, 0x0000000100000000)
  region size 1024K, 12 young (12288K), 12 survivors (12288K)
 Metaspace       used 20857K, committed 21504K, reserved 393216K
  class space    used 3012K, committed 3328K, reserved 327680K
}
Event: 38.635 GC heap before
{Heap before GC invocations=5 (full 0):
 garbage-first heap   total 262144K, used 147276K [0x00000000e0000000, 0x0000000100000000)
  region size 1024K, 110 young (112640K), 12 survivors (12288K)
 Metaspace       used 34969K, committed 35968K, reserved 393216K
  class space    used 4983K, committed 5504K, reserved 327680K
}
Event: 38.664 GC heap after
{Heap after GC invocations=6 (full 0):
 garbage-first heap   total 262144K, used 59680K [0x00000000e0000000, 0x0000000100000000)
  region size 1024K, 17 young (17408K), 17 survivors (17408K)
 Metaspace       used 34969K, committed 35968K, reserved 393216K
  class space    used 4983K, committed 5504K, reserved 327680K
}
Event: 39.198 GC heap before
{Heap before GC invocations=6 (full 0):
 garbage-first heap   total 262144K, used 81184K [0x00000000e0000000, 0x0000000100000000)
  region size 1024K, 39 young (39936K), 17 survivors (17408K)
 Metaspace       used 35293K, committed 36288K, reserved 393216K
  class space    used 5005K, committed 5504K, reserved 327680K
}
Event: 39.219 GC heap after
{Heap after GC invocations=7 (full 0):
 garbage-first heap   total 262144K, used 61380K [0x00000000e0000000, 0x0000000100000000)
  region size 1024K, 13 young (13312K), 13 survivors (13312K)
 Metaspace       used 35293K, committed 36288K, reserved 393216K
  class space    used 5005K, committed 5504K, reserved 327680K
}
Event: 39.564 GC heap before
{Heap before GC invocations=7 (full 0):
 garbage-first heap   total 262144K, used 64452K [0x00000000e0000000, 0x0000000100000000)
  region size 1024K, 17 young (17408K), 13 survivors (13312K)
 Metaspace       used 35582K, committed 36608K, reserved 393216K
  class space    used 5058K, committed 5568K, reserved 327680K
}
Event: 39.579 GC heap after
{Heap after GC invocations=8 (full 0):
 garbage-first heap   total 262144K, used 62068K [0x00000000e0000000, 0x0000000100000000)
  region size 1024K, 3 young (3072K), 3 survivors (3072K)
 Metaspace       used 35582K, committed 36608K, reserved 393216K
  class space    used 5058K, committed 5568K, reserved 327680K
}
Event: 54.450 GC heap before
{Heap before GC invocations=9 (full 0):
 garbage-first heap   total 262144K, used 218740K [0x00000000e0000000, 0x0000000100000000)
  region size 1024K, 152 young (155648K), 3 survivors (3072K)
 Metaspace       used 51848K, committed 53440K, reserved 393216K
  class space    used 7477K, committed 8256K, reserved 327680K
}
Event: 54.474 GC heap after
{Heap after GC invocations=10 (full 0):
 garbage-first heap   total 262144K, used 70419K [0x00000000e0000000, 0x0000000100000000)
  region size 1024K, 11 young (11264K), 11 survivors (11264K)
 Metaspace       used 51848K, committed 53440K, reserved 393216K
  class space    used 7477K, committed 8256K, reserved 327680K
}

