# JRE version: Java(TM) SE Runtime Environment (21.0.2+13) (build 21.0.2+13-LTS-58)
# Java VM: Java HotSpot(TM) 64-Bit Server VM (21.0.2+13-LTS-58, mixed mode, sharing, tiered, compressed oops, compressed class ptrs, g1 gc, windows-amd64)
GC Precious Log:
 CardTable entry size: 512
 Card Set container configuration: InlinePtr #cards 5 size 8 Array Of Cards #cards 12 size 40 Howl #buckets 4 coarsen threshold 1843 Howl Bitmap #cards 512 size 80 coarsen threshold 460 Card regions per heap region 1 cards per card region 2048
 CPUs: 12 total, 12 available
 Memory: 7876M
 Large Page Support: Disabled
 NUMA Support: Disabled
 Compressed Oops: Enabled (32-bit)
 Heap Region Size: 1M
 Heap Min Capacity: 256M
 Heap Initial Capacity: 256M
 Heap Max Capacity: 512M
 Pre-touch: Disabled
 Parallel Workers: 10
 Concurrent Workers: 3
 Concurrent Refinement Workers: 10
 Periodic GC: Disabled
Heap:
 garbage-first heap   total 411648K, used 227819K [0x00000000e0000000, 0x0000000100000000)
  region size 1024K, 57 young (58368K), 15 survivors (15360K)
 Metaspace       used 54113K, committed 55744K, reserved 393216K
  class space    used 7693K, committed 8512K, reserved 327680K
GC Heap History (20 events):
Event: 39.443 GC heap before
{Heap before GC invocations=21 (full 0):
 garbage-first heap   total 411648K, used 343486K [0x00000000e0000000, 0x0000000100000000)
  region size 1024K, 105 young (107520K), 7 survivors (7168K)
 Metaspace       used 53787K, committed 55488K, reserved 393216K
  class space    used 7668K, committed 8512K, reserved 327680K
}
Event: 39.494 GC heap after
{Heap after GC invocations=22 (full 0):
 garbage-first heap   total 411648K, used 226197K [0x00000000e0000000, 0x0000000100000000)
  region size 1024K, 14 young (14336K), 14 survivors (14336K)
 Metaspace       used 53787K, committed 55488K, reserved 393216K
  class space    used 7668K, committed 8512K, reserved 327680K
}
Event: 40.714 GC heap before
{Heap before GC invocations=22 (full 0):
 garbage-first heap   total 411648K, used 334741K [0x00000000e0000000, 0x0000000100000000)
  region size 1024K, 121 young (123904K), 14 survivors (14336K)
 Metaspace       used 53989K, committed 55616K, reserved 393216K
  class space    used 7690K, committed 8512K, reserved 327680K
}
Event: 40.752 GC heap after
{Heap after GC invocations=23 (full 0):
 garbage-first heap   total 411648K, used 219383K [0x00000000e0000000, 0x0000000100000000)
  region size 1024K, 10 young (10240K), 10 survivors (10240K)
 Metaspace       used 53989K, committed 55616K, reserved 393216K
  class space    used 7690K, committed 8512K, reserved 327680K
}
Event: 41.873 GC heap before
{Heap before GC invocations=23 (full 0):
 garbage-first heap   total 411648K, used 342263K [0x00000000e0000000, 0x0000000100000000)
  region size 1024K, 131 young (134144K), 10 survivors (10240K)
 Metaspace       used 54067K, committed 55744K, reserved 393216K
  class space    used 7690K, committed 8512K, reserved 327680K
}
Event: 41.886 GC heap after
{Heap after GC invocations=24 (full 0):
 garbage-first heap   total 411648K, used 221024K [0x00000000e0000000, 0x0000000100000000)
  region size 1024K, 3 young (3072K), 3 survivors (3072K)
 Metaspace       used 54067K, committed 55744K, reserved 393216K
  class space    used 7690K, committed 8512K, reserved 327680K
}
Event: 43.113 GC heap before
{Heap before GC invocations=25 (full 0):
 garbage-first heap   total 411648K, used 346976K [0x00000000e0000000, 0x0000000100000000)
  region size 1024K, 133 young (136192K), 3 survivors (3072K)
 Metaspace       used 54089K, committed 55744K, reserved 393216K
  class space    used 7690K, committed 8512K, reserved 327680K
}
Event: 43.126 GC heap after
{Heap after GC invocations=26 (full 0):
 garbage-first heap   total 411648K, used 214273K [0x00000000e0000000, 0x0000000100000000)
  region size 1024K, 4 young (4096K), 4 survivors (4096K)
 Metaspace       used 54089K, committed 55744K, reserved 393216K
  class space    used 7690K, committed 8512K, reserved 327680K
}
Event: 44.333 GC heap before
{Heap before GC invocations=26 (full 0):
 garbage-first heap   total 411648K, used 360705K [0x00000000e0000000, 0x0000000100000000)
  region size 1024K, 147 young (150528K), 4 survivors (4096K)
 Metaspace       used 54097K, committed 55744K, reserved 393216K
  class space    used 7690K, committed 8512K, reserved 327680K
}
Event: 44.355 GC heap after
{Heap after GC invocations=27 (full 0):
 garbage-first heap   total 411648K, used 195901K [0x00000000e0000000, 0x0000000100000000)
  region size 1024K, 5 young (5120K), 5 survivors (5120K)
 Metaspace       used 54097K, committed 55744K, reserved 393216K
  class space    used 7690K, committed 8512K, reserved 327680K
}
Event: 45.576 GC heap before
{Heap before GC invocations=27 (full 0):
 garbage-first heap   total 411648K, used 371005K [0x00000000e0000000, 0x0000000100000000)
  region size 1024K, 176 young (180224K), 5 survivors (5120K)
 Metaspace       used 54099K, committed 55744K, reserved 393216K
  class space    used 7690K, committed 8512K, reserved 327680K
}
Event: 45.587 GC heap after
{Heap after GC invocations=28 (full 0):
 garbage-first heap   total 411648K, used 197497K [0x00000000e0000000, 0x0000000100000000)
  region size 1024K, 7 young (7168K), 7 survivors (7168K)
 Metaspace       used 54099K, committed 55744K, reserved 393216K
  class space    used 7690K, committed 8512K, reserved 327680K
}
Event: 46.938 GC heap before
{Heap before GC invocations=29 (full 0):
 garbage-first heap   total 411648K, used 376697K [0x00000000e0000000, 0x0000000100000000)
  region size 1024K, 183 young (187392K), 7 survivors (7168K)
 Metaspace       used 54101K, committed 55744K, reserved 393216K
  class space    used 7690K, committed 8512K, reserved 327680K
}
Event: 46.951 GC heap after
{Heap after GC invocations=30 (full 0):
 garbage-first heap   total 411648K, used 198520K [0x00000000e0000000, 0x0000000100000000)
  region size 1024K, 9 young (9216K), 9 survivors (9216K)
 Metaspace       used 54101K, committed 55744K, reserved 393216K
  class space    used 7690K, committed 8512K, reserved 327680K
}
Event: 48.249 GC heap before
{Heap before GC invocations=30 (full 0):
 garbage-first heap   total 411648K, used 379768K [0x00000000e0000000, 0x0000000100000000)
  region size 1024K, 186 young (190464K), 9 survivors (9216K)
 Metaspace       used 54105K, committed 55744K, reserved 393216K
  class space    used 7691K, committed 8512K, reserved 327680K
}
Event: 48.271 GC heap after
{Heap after GC invocations=31 (full 0):
 garbage-first heap   total 411648K, used 182249K [0x00000000e0000000, 0x0000000100000000)
  region size 1024K, 11 young (11264K), 11 survivors (11264K)
 Metaspace       used 54105K, committed 55744K, reserved 393216K
  class space    used 7691K, committed 8512K, reserved 327680K
}
Event: 50.251 GC heap before
{Heap before GC invocations=31 (full 0):
 garbage-first heap   total 411648K, used 377833K [0x00000000e0000000, 0x0000000100000000)
  region size 1024K, 202 young (206848K), 11 survivors (11264K)
 Metaspace       used 54109K, committed 55744K, reserved 393216K
  class space    used 7693K, committed 8512K, reserved 327680K
}
Event: 50.265 GC heap after
{Heap after GC invocations=32 (full 0):
 garbage-first heap   total 411648K, used 184115K [0x00000000e0000000, 0x0000000100000000)
  region size 1024K, 13 young (13312K), 13 survivors (13312K)
 Metaspace       used 54109K, committed 55744K, reserved 393216K
  class space    used 7693K, committed 8512K, reserved 327680K
}
Event: 54.391 GC heap before
{Heap before GC invocations=33 (full 0):
 garbage-first heap   total 411648K, used 375603K [0x00000000e0000000, 0x0000000100000000)
  region size 1024K, 200 young (204800K), 13 survivors (13312K)
 Metaspace       used 54113K, committed 55744K, reserved 393216K
  class space    used 7693K, committed 8512K, reserved 327680K
}
Event: 54.405 GC heap after
{Heap after GC invocations=34 (full 0):
 garbage-first heap   total 411648K, used 185835K [0x00000000e0000000, 0x0000000100000000)
  region size 1024K, 15 young (15360K), 15 survivors (15360K)
 Metaspace       used 54113K, committed 55744K, reserved 393216K
  class space    used 7693K, committed 8512K, reserved 327680K
}

